#
# There is insufficient memory for the Java Runtime Environment to continue.
# Native memory allocation (mmap) failed to map 264241152 bytes for Failed to commit area from 0x0000000704600000 to 0x0000000714200000 of length 264241152.
# Possible reasons:
#   The system is out of physical RAM or swap space
#   The process is running with CompressedOops enabled, and the Java Heap may be blocking the growth of the native heap
# Possible solutions:
#   Reduce memory load on the system
#   Increase physical memory or swap space
#   Check if swap backing store is full
#   Decrease Java heap size (-Xmx/-Xms)
#   Decrease number of Java threads
#   Decrease Java thread stack sizes (-Xss)
#   Set larger code cache with -XX:ReservedCodeCacheSize=
# This output file may be truncated or incomplete.
#
#  Out of Memory Error (./src/hotspot/os/windows/os_windows.cpp:3301), pid=10624, tid=7072
#
# JRE version:  (11.0.10) (build )
# Java VM: OpenJDK 64-Bit Server VM (11.0.10+0-b96-7249189, mixed mode, sharing, tiered, compressed oops, g1 gc, windows-amd64)
# No core dump will be written. Minidumps are not enabled by default on client versions of Windows
#

---------------  S U M M A R Y ------------

Command Line: org.jetbrains.git4idea.http.GitAskPassApp Username for 'https://github.com': 

Host: Intel(R) Core(TM) i7-10700 CPU @ 2.90GHz, 16 cores, 15G,  Windows 10 , 64 bit Build 19041 (10.0.19041.1348)
Time: Mon Dec 27 16:00:59 2021 Egypt Standard Time elapsed time: 0.012306 seconds (0d 0h 0m 0s)

---------------  T H R E A D  ---------------

Current thread (0x0000029ae8d1a800):  JavaThread "Unknown thread" [_thread_in_vm, id=7072, stack(0x000000efe5c00000,0x000000efe5d00000)]

Stack: [0x000000efe5c00000,0x000000efe5d00000]
Native frames: (J=compiled Java code, j=interpreted, Vv=VM code, C=native code)
V  [jvm.dll+0x5ecfaa]
V  [jvm.dll+0x722bd5]
V  [jvm.dll+0x72412d]
V  [jvm.dll+0x7247e3]
V  [jvm.dll+0x242928]
V  [jvm.dll+0x5ea374]
V  [jvm.dll+0x5df425]
V  [jvm.dll+0x2fdebb]
V  [jvm.dll+0x2fde2a]
V  [jvm.dll+0x2fdd02]
V  [jvm.dll+0x302bf6]
V  [jvm.dll+0x34b2a3]
V  [jvm.dll+0x34b9a6]
V  [jvm.dll+0x34b3a3]
V  [jvm.dll+0x2d8888]
V  [jvm.dll+0x2d9a37]
V  [jvm.dll+0x701737]
V  [jvm.dll+0x702f2c]
V  [jvm.dll+0x3587d9]
V  [jvm.dll+0x6e4fae]
V  [jvm.dll+0x3c0be3]
V  [jvm.dll+0x3c2e91]
C  [jli.dll+0x5373]
C  [ucrtbase.dll+0x21bb2]
C  [KERNEL32.DLL+0x17034]
C  [ntdll.dll+0x52651]


---------------  P R O C E S S  ---------------

Threads class SMR info:
_java_thread_list=0x0000029ae7280fe0, length=0, elements={
}

Java Threads: ( => current thread )

Other Threads:
  0x0000029ae8d32000 GCTaskThread "GC Thread#0" [stack: 0x000000efe5d00000,0x000000efe5e00000] [id=1812]
  0x0000029ae8d90000 ConcurrentGCThread "G1 Main Marker" [stack: 0x000000efe5e00000,0x000000efe5f00000] [id=5560]
  0x0000029ae8d92800 ConcurrentGCThread "G1 Conc#0" [stack: 0x000000efe5f00000,0x000000efe6000000] [id=1412]

[error occurred during error reporting (printing all threads), id 0xc0000005, EXCEPTION_ACCESS_VIOLATION (0xc0000005) at pc=0x00007ffd25579107]

VM state:not at safepoint (not fully initialized)

VM Mutex/Monitor currently owned by a thread:  ([mutex/lock_event])
[0x0000029ae8d174c0] Heap_lock - owner thread: 0x0000029ae8d1a800

Heap address: 0x0000000704600000, size: 4026 MB, Compressed Oops mode: Non-zero based: 0x0000000704600000
Narrow klass base: 0x0000000000000000, Narrow klass shift: 0

GC Heap History (0 events):
No events

Deoptimization events (0 events):
No events

Classes redefined (0 events):
No events

Internal exceptions (0 events):
No events

Events (1 events):
Event: 0.006 Loaded shared library C:\Program Files\Android\Android Studio\jre\bin\zip.dll


Dynamic libraries:
0x00007ff795700000 - 0x00007ff79570a000 	C:\Program Files\Android\Android Studio\jre\bin\java.exe
0x00007ffd5b670000 - 0x00007ffd5b865000 	C:\Windows\SYSTEM32\ntdll.dll
0x00007ffd5b410000 - 0x00007ffd5b4ce000 	C:\Windows\System32\KERNEL32.DLL
0x00007ffd58e80000 - 0x00007ffd59148000 	C:\Windows\System32\KERNELBASE.dll
0x00007ffd595b0000 - 0x00007ffd596b0000 	C:\Windows\System32\ucrtbase.dll
0x00007ffd25270000 - 0x00007ffd25287000 	C:\Program Files\Android\Android Studio\jre\bin\VCRUNTIME140.dll
0x00007ffd3b980000 - 0x00007ffd3b999000 	C:\Program Files\Android\Android Studio\jre\bin\jli.dll
0x00007ffd5b260000 - 0x00007ffd5b401000 	C:\Windows\System32\USER32.dll
0x00007ffd3a230000 - 0x00007ffd3a4ca000 	C:\Windows\WinSxS\amd64_microsoft.windows.common-controls_6595b64144ccf1df_6.0.19041.1110_none_60b5254171f9507e\COMCTL32.dll
0x00007ffd59150000 - 0x00007ffd59172000 	C:\Windows\System32\win32u.dll
0x00007ffd59dd0000 - 0x00007ffd59e6e000 	C:\Windows\System32\msvcrt.dll
0x00007ffd5ac10000 - 0x00007ffd5ac3b000 	C:\Windows\System32\GDI32.dll
0x00007ffd593e0000 - 0x00007ffd594ed000 	C:\Windows\System32\gdi32full.dll
0x00007ffd592e0000 - 0x00007ffd5937d000 	C:\Windows\System32\msvcp_win.dll
0x00007ffd5a100000 - 0x00007ffd5a130000 	C:\Windows\System32\IMM32.DLL
0x00007ffd24ee0000 - 0x00007ffd24f7d000 	C:\Program Files\Android\Android Studio\jre\bin\msvcp140.dll
0x00007ffd25290000 - 0x00007ffd25d5f000 	C:\Program Files\Android\Android Studio\jre\bin\server\jvm.dll
0x00007ffd59b90000 - 0x00007ffd59c3c000 	C:\Windows\System32\ADVAPI32.dll
0x00007ffd59ae0000 - 0x00007ffd59b7b000 	C:\Windows\System32\sechost.dll
0x00007ffd5b130000 - 0x00007ffd5b25a000 	C:\Windows\System32\RPCRT4.dll
0x00007ffd5a0d0000 - 0x00007ffd5a0d8000 	C:\Windows\System32\PSAPI.DLL
0x00007ffd45d30000 - 0x00007ffd45d57000 	C:\Windows\SYSTEM32\WINMM.dll
0x00007ffd3c8b0000 - 0x00007ffd3c8b9000 	C:\Windows\SYSTEM32\WSOCK32.dll
0x00007ffd53760000 - 0x00007ffd5376a000 	C:\Windows\SYSTEM32\VERSION.dll
0x00007ffd5a930000 - 0x00007ffd5a99b000 	C:\Windows\System32\WS2_32.dll
0x00007ffd56c90000 - 0x00007ffd56ca2000 	C:\Windows\SYSTEM32\kernel.appcore.dll
0x00007ffd25250000 - 0x00007ffd25261000 	C:\Program Files\Android\Android Studio\jre\bin\verify.dll
0x00007ffd45910000 - 0x00007ffd45af4000 	C:\Windows\SYSTEM32\DBGHELP.DLL
0x00007ffd45c70000 - 0x00007ffd45c9c000 	C:\Windows\SYSTEM32\dbgcore.DLL
0x00007ffd59520000 - 0x00007ffd595a2000 	C:\Windows\System32\bcryptPrimitives.dll
0x00007ffd25220000 - 0x00007ffd25249000 	C:\Program Files\Android\Android Studio\jre\bin\java.dll
0x00007ffd25210000 - 0x00007ffd2521b000 	C:\Program Files\Android\Android Studio\jre\bin\jimage.dll
0x00007ffd251f0000 - 0x00007ffd25208000 	C:\Program Files\Android\Android Studio\jre\bin\zip.dll

dbghelp: loaded successfully - version: 4.0.5 - missing functions: none
symbol engine: initialized successfully - sym options: 0x614 - pdb path: .;C:\Program Files\Android\Android Studio\jre\bin;C:\Windows\SYSTEM32;C:\Windows\WinSxS\amd64_microsoft.windows.common-controls_6595b64144ccf1df_6.0.19041.1110_none_60b5254171f9507e;C:\Program Files\Android\Android Studio\jre\bin\server

VM Arguments:
java_command: org.jetbrains.git4idea.http.GitAskPassApp Username for 'https://github.com': 
java_class_path (initial): C:/Program Files/Android/Android Studio/plugins/git4idea/lib/git4idea-rt.jar;C:/Program Files/Android/Android Studio/lib/xmlrpc-2.0.1.jar;C:/Program Files/Android/Android Studio/lib/commons-codec-1.14.jar
Launcher Type: SUN_STANDARD

[Global flags]
     intx CICompilerCount                          = 12                                        {product} {ergonomic}
     uint ConcGCThreads                            = 3                                         {product} {ergonomic}
     uint G1ConcRefinementThreads                  = 13                                        {product} {ergonomic}
   size_t G1HeapRegionSize                         = 1048576                                   {product} {ergonomic}
    uintx GCDrainStackTargetSize                   = 64                                        {product} {ergonomic}
   size_t InitialHeapSize                          = 264241152                                 {product} {ergonomic}
   size_t MarkStackSize                            = 4194304                                   {product} {ergonomic}
   size_t MaxHeapSize                              = 4221566976                                {product} {ergonomic}
   size_t MinHeapDeltaBytes                        = 1048576                                   {product} {ergonomic}
    uintx NonNMethodCodeHeapSize                   = 7594288                                {pd product} {ergonomic}
    uintx NonProfiledCodeHeapSize                  = 122031976                              {pd product} {ergonomic}
    uintx ProfiledCodeHeapSize                     = 122031976                              {pd product} {ergonomic}
    uintx ReservedCodeCacheSize                    = 251658240                              {pd product} {ergonomic}
     bool SegmentedCodeCache                       = true                                      {product} {ergonomic}
     bool UseCompressedClassPointers               = true                                 {lp64_product} {ergonomic}
     bool UseCompressedOops                        = true                                 {lp64_product} {ergonomic}
     bool UseG1GC                                  = true                                      {product} {ergonomic}
     bool UseLargePagesIndividualAllocation        = false                                  {pd product} {ergonomic}

Logging:
Log output configuration:
 #0: stdout all=warning uptime,level,tags
 #1: stderr all=off uptime,level,tags

Environment Variables:
PATH=C:/Program Files/Git/mingw64/libexec/git-core;C:/Program Files/Git/mingw64/libexec/git-core;C:\Program Files\Git\mingw64\bin;C:\Program Files\Git\usr\bin;C:\Users\TAWASOLMAP\bin;C:\Windows\system32;C:\Windows;C:\Windows\System32\Wbem;C:\Windows\System32\WindowsPowerShell\v1.0\;C:\Windows\System32\OpenSSH\;C:\Program Files\Git\cmd;C:\Users\TAWASOLMAP\AppData\Local\Microsoft\WindowsApps
USERNAME=TAWASOLMAP
DISPLAY=:0.0
LC_ALL=en_US.UTF-8
OS=Windows_NT
PROCESSOR_IDENTIFIER=Intel64 Family 6 Model 165 Stepping 5, GenuineIntel



---------------  S Y S T E M  ---------------

OS: Windows 10 , 64 bit Build 19041 (10.0.19041.1348)
OS uptime: 1 days 0:17 hours

CPU:total 16 (initial active 16) (8 cores per cpu, 2 threads per core) family 6 model 165 stepping 5 microcode 0xec, cmov, cx8, fxsr, mmx, sse, sse2, sse3, ssse3, sse4.1, sse4.2, popcnt, avx, avx2, aes, clmul, erms, 3dnowpref, lzcnt, ht, tsc, tscinvbit, bmi1, bmi2, adx, fma

Memory: 4k page, system-wide physical 16099M (5333M free)
TotalPageFile size 46544M (AvailPageFile size 185M)
current process WorkingSet (physical memory assigned to process): 10M, peak: 10M
current process commit charge ("private bytes"): 71M, peak: 323M

vm_info: OpenJDK 64-Bit Server VM (11.0.10+0-b96-7249189) for windows-amd64 JRE (11.0.10+0-b96-7249189), built on Mar 31 2021 21:44:00 by "builder" with MS VC++ 14.0 (VS2015)

END.
