#
# There is insufficient memory for the Java Runtime Environment to continue.
# Native memory allocation (mmap) failed to map 264241152 bytes for Failed to commit area from 0x0000000704600000 to 0x0000000714200000 of length 264241152.
# Possible reasons:
#   The system is out of physical RAM or swap space
#   The process is running with CompressedOops enabled, and the Java Heap may be blocking the growth of the native heap
# Possible solutions:
#   Reduce memory load on the system
#   Increase physical memory or swap space
#   Check if swap backing store is full
#   Decrease Java heap size (-Xmx/-Xms)
#   Decrease number of Java threads
#   Decrease Java thread stack sizes (-Xss)
#   Set larger code cache with -XX:ReservedCodeCacheSize=
# This output file may be truncated or incomplete.
#
#  Out of Memory Error (./src/hotspot/os/windows/os_windows.cpp:3301), pid=3616, tid=7192
#
# JRE version:  (11.0.11+9) (build )
# Java VM: OpenJDK 64-Bit Server VM (11.0.11+9-b60-7590822, mixed mode, sharing, tiered, compressed oops, g1 gc, windows-amd64)
# No core dump will be written. Minidumps are not enabled by default on client versions of Windows
#

---------------  S U M M A R Y ------------

Command Line: org.jetbrains.git4idea.http.GitAskPassApp Username for 'https://github.com': 

Host: Intel(R) Core(TM) i7-10700 CPU @ 2.90GHz, 16 cores, 15G,  Windows 10 , 64 bit Build 19041 (10.0.19041.1503)
Time: Sun Feb 27 14:55:56 2022 Egypt Standard Time elapsed time: 0.010759 seconds (0d 0h 0m 0s)

---------------  T H R E A D  ---------------

Current thread (0x000002142a80a800):  JavaThread "Unknown thread" [_thread_in_vm, id=7192, stack(0x0000006fa0400000,0x0000006fa0500000)]

Stack: [0x0000006fa0400000,0x0000006fa0500000]
Native frames: (J=compiled Java code, j=interpreted, Vv=VM code, C=native code)
V  [jvm.dll+0x5f214a]
V  [jvm.dll+0x726fb5]
V  [jvm.dll+0x7285cd]
V  [jvm.dll+0x728c83]
V  [jvm.dll+0x243278]
V  [jvm.dll+0x5ef544]
V  [jvm.dll+0x5e4495]
V  [jvm.dll+0x2fec5b]
V  [jvm.dll+0x2febca]
V  [jvm.dll+0x2feaa2]
V  [jvm.dll+0x303986]
V  [jvm.dll+0x34c3a3]
V  [jvm.dll+0x34caa6]
V  [jvm.dll+0x34c4a3]
V  [jvm.dll+0x2d9688]
V  [jvm.dll+0x2da837]
V  [jvm.dll+0x705ba7]
V  [jvm.dll+0x70739c]
V  [jvm.dll+0x3598f9]
V  [jvm.dll+0x6e931e]
V  [jvm.dll+0x3c1c43]
V  [jvm.dll+0x3c3e81]
C  [jli.dll+0x5373]
C  [ucrtbase.dll+0x21bb2]
C  [KERNEL32.DLL+0x17034]
C  [ntdll.dll+0x52651]


---------------  P R O C E S S  ---------------

Threads class SMR info:
_java_thread_list=0x0000021428dc1cd0, length=0, elements={
}

Java Threads: ( => current thread )

Other Threads:
  0x000002142a821800 GCTaskThread "GC Thread#0" [stack: 0x0000006fa0500000,0x0000006fa0600000] [id=14620]
  0x000002142a87e800 ConcurrentGCThread "G1 Main Marker" [stack: 0x0000006fa0600000,0x0000006fa0700000] [id=8936]
  0x000002142a881800 ConcurrentGCThread "G1 Conc#0" [stack: 0x0000006fa0700000,0x0000006fa0800000] [id=1340]

[error occurred during error reporting (printing all threads), id 0xc0000005, EXCEPTION_ACCESS_VIOLATION (0xc0000005) at pc=0x00007ffa75f89c47]

VM state:not at safepoint (not fully initialized)

VM Mutex/Monitor currently owned by a thread:  ([mutex/lock_event])
[0x000002142a805b70] Heap_lock - owner thread: 0x000002142a80a800

Heap address: 0x0000000704600000, size: 4026 MB, Compressed Oops mode: Non-zero based: 0x0000000704600000
Narrow klass base: 0x0000000000000000, Narrow klass shift: 0

GC Heap History (0 events):
No events

Deoptimization events (0 events):
No events

Classes redefined (0 events):
No events

Internal exceptions (0 events):
No events

Events (1 events):
Event: 0.005 Loaded shared library C:\Program Files\Android\Android Studio\jre\bin\zip.dll


Dynamic libraries:
0x00007ff6ce980000 - 0x00007ff6ce98a000 	C:\Program Files\Android\Android Studio\jre\bin\java.exe
0x00007ffabfd50000 - 0x00007ffabff45000 	C:\Windows\SYSTEM32\ntdll.dll
0x00007ffabde00000 - 0x00007ffabdebe000 	C:\Windows\System32\KERNEL32.DLL
0x00007ffabd890000 - 0x00007ffabdb58000 	C:\Windows\System32\KERNELBASE.dll
0x00007ffabdc70000 - 0x00007ffabdd70000 	C:\Windows\System32\ucrtbase.dll
0x00007ffaa57a0000 - 0x00007ffaa57b9000 	C:\Program Files\Android\Android Studio\jre\bin\jli.dll
0x00007ffaa4eb0000 - 0x00007ffaa4ec7000 	C:\Program Files\Android\Android Studio\jre\bin\VCRUNTIME140.dll
0x00007ffabf480000 - 0x00007ffabf620000 	C:\Windows\System32\USER32.dll
0x00007ffaa6e50000 - 0x00007ffaa70ea000 	C:\Windows\WinSxS\amd64_microsoft.windows.common-controls_6595b64144ccf1df_6.0.19041.1110_none_60b5254171f9507e\COMCTL32.dll
0x00007ffabd650000 - 0x00007ffabd672000 	C:\Windows\System32\win32u.dll
0x00007ffabf450000 - 0x00007ffabf47b000 	C:\Windows\System32\GDI32.dll
0x00007ffabf260000 - 0x00007ffabf2fe000 	C:\Windows\System32\msvcrt.dll
0x00007ffabd460000 - 0x00007ffabd56d000 	C:\Windows\System32\gdi32full.dll
0x00007ffabdb60000 - 0x00007ffabdbfd000 	C:\Windows\System32\msvcp_win.dll
0x00007ffabfce0000 - 0x00007ffabfd10000 	C:\Windows\System32\IMM32.DLL
0x00007ffa91150000 - 0x00007ffa911ed000 	C:\Program Files\Android\Android Studio\jre\bin\msvcp140.dll
0x00007ffa75ca0000 - 0x00007ffa76775000 	C:\Program Files\Android\Android Studio\jre\bin\server\jvm.dll
0x00007ffabdec0000 - 0x00007ffabdf6e000 	C:\Windows\System32\ADVAPI32.dll
0x00007ffabed90000 - 0x00007ffabee2c000 	C:\Windows\System32\sechost.dll
0x00007ffabe3f0000 - 0x00007ffabe515000 	C:\Windows\System32\RPCRT4.dll
0x00007ffabf7d0000 - 0x00007ffabf7d8000 	C:\Windows\System32\PSAPI.DLL
0x00007ffab8070000 - 0x00007ffab8079000 	C:\Windows\SYSTEM32\WSOCK32.dll
0x00007ffabfa60000 - 0x00007ffabfacb000 	C:\Windows\System32\WS2_32.dll
0x00007ffaa9fc0000 - 0x00007ffaa9fe7000 	C:\Windows\SYSTEM32\WINMM.dll
0x00007ffab7cc0000 - 0x00007ffab7cca000 	C:\Windows\SYSTEM32\VERSION.dll
0x00007ffabb370000 - 0x00007ffabb382000 	C:\Windows\SYSTEM32\kernel.appcore.dll
0x00007ffab7b90000 - 0x00007ffab7ba1000 	C:\Program Files\Android\Android Studio\jre\bin\verify.dll
0x00007ffaa9b70000 - 0x00007ffaa9d54000 	C:\Windows\SYSTEM32\DBGHELP.DLL
0x00007ffaa9d60000 - 0x00007ffaa9d8c000 	C:\Windows\SYSTEM32\dbgcore.DLL
0x00007ffabd5c0000 - 0x00007ffabd642000 	C:\Windows\System32\bcryptPrimitives.dll
0x00007ffab6e40000 - 0x00007ffab6e69000 	C:\Program Files\Android\Android Studio\jre\bin\java.dll
0x00007ffab8060000 - 0x00007ffab806b000 	C:\Program Files\Android\Android Studio\jre\bin\jimage.dll
0x00007ffab6a50000 - 0x00007ffab6a68000 	C:\Program Files\Android\Android Studio\jre\bin\zip.dll

dbghelp: loaded successfully - version: 4.0.5 - missing functions: none
symbol engine: initialized successfully - sym options: 0x614 - pdb path: .;C:\Program Files\Android\Android Studio\jre\bin;C:\Windows\SYSTEM32;C:\Windows\WinSxS\amd64_microsoft.windows.common-controls_6595b64144ccf1df_6.0.19041.1110_none_60b5254171f9507e;C:\Program Files\Android\Android Studio\jre\bin\server

VM Arguments:
java_command: org.jetbrains.git4idea.http.GitAskPassApp Username for 'https://github.com': 
java_class_path (initial): C:/Program Files/Android/Android Studio/plugins/git4idea/lib/git4idea-rt.jar;C:/Program Files/Android/Android Studio/lib/xmlrpc-2.0.1.jar;C:/Program Files/Android/Android Studio/lib/commons-codec-1.15.jar
Launcher Type: SUN_STANDARD

[Global flags]
     intx CICompilerCount                          = 12                                        {product} {ergonomic}
     uint ConcGCThreads                            = 3                                         {product} {ergonomic}
     uint G1ConcRefinementThreads                  = 13                                        {product} {ergonomic}
   size_t G1HeapRegionSize                         = 1048576                                   {product} {ergonomic}
    uintx GCDrainStackTargetSize                   = 64                                        {product} {ergonomic}
   size_t InitialHeapSize                          = 264241152                                 {product} {ergonomic}
   size_t MarkStackSize                            = 4194304                                   {product} {ergonomic}
   size_t MaxHeapSize                              = 4221566976                                {product} {ergonomic}
   size_t MinHeapDeltaBytes                        = 1048576                                   {product} {ergonomic}
    uintx NonNMethodCodeHeapSize                   = 7594288                                {pd product} {ergonomic}
    uintx NonProfiledCodeHeapSize                  = 122031976                              {pd product} {ergonomic}
    uintx ProfiledCodeHeapSize                     = 122031976                              {pd product} {ergonomic}
    uintx ReservedCodeCacheSize                    = 251658240                              {pd product} {ergonomic}
     bool SegmentedCodeCache                       = true                                      {product} {ergonomic}
     bool UseCompressedClassPointers               = true                                 {lp64_product} {ergonomic}
     bool UseCompressedOops                        = true                                 {lp64_product} {ergonomic}
     bool UseG1GC                                  = true                                      {product} {ergonomic}
     bool UseLargePagesIndividualAllocation        = false                                  {pd product} {ergonomic}

Logging:
Log output configuration:
 #0: stdout all=warning uptime,level,tags
 #1: stderr all=off uptime,level,tags

Environment Variables:
PATH=C:/Program Files/Git/mingw64/libexec/git-core;C:/Program Files/Git/mingw64/libexec/git-core;C:\Program Files\Git\mingw64\bin;C:\Program Files\Git\usr\bin;C:\Users\TAWASOLMAP\bin;C:\Windows\system32;C:\Windows;C:\Windows\System32\Wbem;C:\Windows\System32\WindowsPowerShell\v1.0\;C:\Windows\System32\OpenSSH\;C:\Program Files\Git\cmd;E:\flutter\bin;C:\Users\TAWASOLMAP\AppData\Local\Microsoft\WindowsApps
USERNAME=TAWASOLMAP
DISPLAY=:0.0
LC_ALL=en_US.UTF-8
OS=Windows_NT
PROCESSOR_IDENTIFIER=Intel64 Family 6 Model 165 Stepping 5, GenuineIntel



---------------  S Y S T E M  ---------------

OS: Windows 10 , 64 bit Build 19041 (10.0.19041.1503)
OS uptime: 13 days 2:21 hours

CPU:total 16 (initial active 16) (8 cores per cpu, 2 threads per core) family 6 model 165 stepping 5 microcode 0xec, cmov, cx8, fxsr, mmx, sse, sse2, sse3, ssse3, sse4.1, sse4.2, popcnt, avx, avx2, aes, clmul, erms, 3dnowpref, lzcnt, ht, tsc, tscinvbit, bmi1, bmi2, adx, fma

Memory: 4k page, system-wide physical 16099M (816M free)
TotalPageFile size 46544M (AvailPageFile size 133M)
current process WorkingSet (physical memory assigned to process): 10M, peak: 10M
current process commit charge ("private bytes"): 71M, peak: 323M

vm_info: OpenJDK 64-Bit Server VM (11.0.11+9-b60-7590822) for windows-amd64 JRE (11.0.11+9-b60-7590822), built on Jul 29 2021 21:43:44 by "builder" with MS VC++ 14.0 (VS2015)

END.
